🚀 Auto-push started (every 30 min) — PID: 28722
⏭️  [21:29] No changes to push
[main f02ef16] auto-save: 2026-05-03 21:59
 Committer: phoompat <nam@MacBook-Pro-khxng-Nam.local>
Your name and email address were configured automatically based
on your username and hostname. Please check that they are accurate.
You can suppress this message by setting them explicitly. Run the
following command and follow the instructions in your editor to edit
your configuration file:

    git config --global --edit

After doing this, you may fix the identity used for this commit with:

    git commit --amend --reset-author

 1 file changed, 1 insertion(+)
To https://github.com/thamonbnb45/ERP-bookandbox.com.git
   d6a27ca..f02ef16  main -> main
✅ [2026-05-03 21:59] Pushed changes
[main f9bde52] auto-save: 2026-05-03 22:29
 Committer: phoompat <nam@MacBook-Pro-khxng-Nam.local>
Your name and email address were configured automatically based
on your username and hostname. Please check that they are accurate.
You can suppress this message by setting them explicitly. Run the
following command and follow the instructions in your editor to edit
your configuration file:

    git config --global --edit

After doing this, you may fix the identity used for this commit with:

    git commit --amend --reset-author

 1 file changed, 18 insertions(+)
To https://github.com/thamonbnb45/ERP-bookandbox.com.git
   f02ef16..f9bde52  main -> main
✅ [2026-05-03 22:29] Pushed changes
[main 08a056a] auto-save: 2026-05-03 22:59
 Committer: phoompat <nam@MacBook-Pro-khxng-Nam.local>
Your name and email address were configured automatically based
on your username and hostname. Please check that they are accurate.
You can suppress this message by setting them explicitly. Run the
following command and follow the instructions in your editor to edit
your configuration file:

    git config --global --edit

After doing this, you may fix the identity used for this commit with:

    git commit --amend --reset-author

 1 file changed, 18 insertions(+)
To https://github.com/thamonbnb45/ERP-bookandbox.com.git
   f9bde52..08a056a  main -> main
✅ [2026-05-03 22:59] Pushed changes
[main 556680b] auto-save: 2026-05-03 23:30
 Committer: phoompat <nam@MacBook-Pro-khxng-Nam.local>
Your name and email address were configured automatically based
on your username and hostname. Please check that they are accurate.
You can suppress this message by setting them explicitly. Run the
following command and follow the instructions in your editor to edit
your configuration file:

    git config --global --edit

After doing this, you may fix the identity used for this commit with:

    git commit --amend --reset-author

 1 file changed, 18 insertions(+)
To https://github.com/thamonbnb45/ERP-bookandbox.com.git
   08a056a..556680b  main -> main
✅ [2026-05-03 23:30] Pushed changes
[main ae0253d] auto-save: 2026-05-04 00:00
 Committer: phoompat <nam@MacBook-Pro-khxng-Nam.local>
Your name and email address were configured automatically based
on your username and hostname. Please check that they are accurate.
You can suppress this message by setting them explicitly. Run the
following command and follow the instructions in your editor to edit
your configuration file:

    git config --global --edit

After doing this, you may fix the identity used for this commit with:

    git commit --amend --reset-author

 1 file changed, 18 insertions(+)
To https://github.com/thamonbnb45/ERP-bookandbox.com.git
   556680b..ae0253d  main -> main
✅ [2026-05-04 00:00] Pushed changes
[main cfa68ba] auto-save: 2026-05-04 00:31
 Committer: phoompat <nam@MacBook-Pro-khxng-Nam.local>
Your name and email address were configured automatically based
on your username and hostname. Please check that they are accurate.
You can suppress this message by setting them explicitly. Run the
following command and follow the instructions in your editor to edit
your configuration file:

    git config --global --edit

After doing this, you may fix the identity used for this commit with:

    git commit --amend --reset-author

 1 file changed, 18 insertions(+)
To https://github.com/thamonbnb45/ERP-bookandbox.com.git
   ae0253d..cfa68ba  main -> main
✅ [2026-05-04 00:31] Pushed changes
[main 2b42729] auto-save: 2026-05-04 01:01
 Committer: phoompat <nam@MacBook-Pro-khxng-Nam.local>
Your name and email address were configured automatically based
on your username and hostname. Please check that they are accurate.
You can suppress this message by setting them explicitly. Run the
following command and follow the instructions in your editor to edit
your configuration file:

    git config --global --edit

After doing this, you may fix the identity used for this commit with:

    git commit --amend --reset-author

 1 file changed, 18 insertions(+)
To https://github.com/thamonbnb45/ERP-bookandbox.com.git
   cfa68ba..2b42729  main -> main
✅ [2026-05-04 01:01] Pushed changes
[main dc817ff] auto-save: 2026-05-04 01:31
 Committer: phoompat <nam@MacBook-Pro-khxng-Nam.local>
Your name and email address were configured automatically based
on your username and hostname. Please check that they are accurate.
You can suppress this message by setting them explicitly. Run the
following command and follow the instructions in your editor to edit
your configuration file:

    git config --global --edit

After doing this, you may fix the identity used for this commit with:

    git commit --amend --reset-author

 1 file changed, 18 insertions(+)
To https://github.com/thamonbnb45/ERP-bookandbox.com.git
   2b42729..dc817ff  main -> main
✅ [2026-05-04 01:31] Pushed changes
[main 1ea4a88] auto-save: 2026-05-04 02:02
 Committer: phoompat <nam@MacBook-Pro-khxng-Nam.local>
Your name and email address were configured automatically based
on your username and hostname. Please check that they are accurate.
You can suppress this message by setting them explicitly. Run the
following command and follow the instructions in your editor to edit
your configuration file:

    git config --global --edit

After doing this, you may fix the identity used for this commit with:

    git commit --amend --reset-author

 1 file changed, 18 insertions(+)
To https://github.com/thamonbnb45/ERP-bookandbox.com.git
   dc817ff..1ea4a88  main -> main
✅ [2026-05-04 02:02] Pushed changes
[main d999ae4] auto-save: 2026-05-04 02:32
 Committer: phoompat <nam@MacBook-Pro-khxng-Nam.local>
Your name and email address were configured automatically based
on your username and hostname. Please check that they are accurate.
You can suppress this message by setting them explicitly. Run the
following command and follow the instructions in your editor to edit
your configuration file:

    git config --global --edit

After doing this, you may fix the identity used for this commit with:

    git commit --amend --reset-author

 1 file changed, 18 insertions(+)
To https://github.com/thamonbnb45/ERP-bookandbox.com.git
   1ea4a88..d999ae4  main -> main
✅ [2026-05-04 02:32] Pushed changes
[main 7be2429] auto-save: 2026-05-04 03:02
 Committer: phoompat <nam@MacBook-Pro-khxng-Nam.local>
Your name and email address were configured automatically based
on your username and hostname. Please check that they are accurate.
You can suppress this message by setting them explicitly. Run the
following command and follow the instructions in your editor to edit
your configuration file:

    git config --global --edit

After doing this, you may fix the identity used for this commit with:

    git commit --amend --reset-author

 1 file changed, 18 insertions(+)
To https://github.com/thamonbnb45/ERP-bookandbox.com.git
   d999ae4..7be2429  main -> main
✅ [2026-05-04 03:02] Pushed changes
[main 6ec1bb3] auto-save: 2026-05-04 03:33
 Committer: phoompat <nam@MacBook-Pro-khxng-Nam.local>
Your name and email address were configured automatically based
on your username and hostname. Please check that they are accurate.
You can suppress this message by setting them explicitly. Run the
following command and follow the instructions in your editor to edit
your configuration file:

    git config --global --edit

After doing this, you may fix the identity used for this commit with:

    git commit --amend --reset-author

 1 file changed, 18 insertions(+)
To https://github.com/thamonbnb45/ERP-bookandbox.com.git
   7be2429..6ec1bb3  main -> main
✅ [2026-05-04 03:33] Pushed changes
[main efde46d] auto-save: 2026-05-04 05:31
 Committer: phoompat <nam@MacBook-Pro-khxng-Nam.local>
Your name and email address were configured automatically based
on your username and hostname. Please check that they are accurate.
You can suppress this message by setting them explicitly. Run the
following command and follow the instructions in your editor to edit
your configuration file:

    git config --global --edit

After doing this, you may fix the identity used for this commit with:

    git commit --amend --reset-author

 1 file changed, 18 insertions(+)
To https://github.com/thamonbnb45/ERP-bookandbox.com.git
   6ec1bb3..efde46d  main -> main
✅ [2026-05-04 05:31] Pushed changes
[main 21c7e04] auto-save: 2026-05-04 06:18
 Committer: phoompat <nam@MacBook-Pro-khxng-Nam.local>
Your name and email address were configured automatically based
on your username and hostname. Please check that they are accurate.
You can suppress this message by setting them explicitly. Run the
following command and follow the instructions in your editor to edit
your configuration file:

    git config --global --edit

After doing this, you may fix the identity used for this commit with:

    git commit --amend --reset-author

 1 file changed, 18 insertions(+)
To https://github.com/thamonbnb45/ERP-bookandbox.com.git
   efde46d..21c7e04  main -> main
✅ [2026-05-04 06:18] Pushed changes
[main dc80d00] auto-save: 2026-05-04 07:39
 Committer: phoompat <nam@MacBook-Pro-khxng-Nam.local>
Your name and email address were configured automatically based
on your username and hostname. Please check that they are accurate.
You can suppress this message by setting them explicitly. Run the
following command and follow the instructions in your editor to edit
your configuration file:

    git config --global --edit

After doing this, you may fix the identity used for this commit with:

    git commit --amend --reset-author

 1 file changed, 18 insertions(+)
To https://github.com/thamonbnb45/ERP-bookandbox.com.git
   21c7e04..dc80d00  main -> main
✅ [2026-05-04 07:39] Pushed changes
[main 9313094] auto-save: 2026-05-04 09:07
 Committer: phoompat <nam@MacBook-Pro-khxng-Nam.local>
Your name and email address were configured automatically based
on your username and hostname. Please check that they are accurate.
You can suppress this message by setting them explicitly. Run the
following command and follow the instructions in your editor to edit
your configuration file:

    git config --global --edit

After doing this, you may fix the identity used for this commit with:

    git commit --amend --reset-author

 1 file changed, 18 insertions(+)
To https://github.com/thamonbnb45/ERP-bookandbox.com.git
   dc80d00..9313094  main -> main
✅ [2026-05-04 09:07] Pushed changes
[main 2cca748] auto-save: 2026-05-04 10:00
 Committer: phoompat <nam@MacBook-Pro-khxng-Nam.local>
Your name and email address were configured automatically based
on your username and hostname. Please check that they are accurate.
You can suppress this message by setting them explicitly. Run the
following command and follow the instructions in your editor to edit
your configuration file:

    git config --global --edit

After doing this, you may fix the identity used for this commit with:

    git commit --amend --reset-author

 1 file changed, 18 insertions(+)
To https://github.com/thamonbnb45/ERP-bookandbox.com.git
   9313094..2cca748  main -> main
✅ [2026-05-04 10:00] Pushed changes
[main 51e9436] auto-save: 2026-05-04 10:30
 Committer: phoompat <nam@MacBook-Pro-khxng-Nam.local>
Your name and email address were configured automatically based
on your username and hostname. Please check that they are accurate.
You can suppress this message by setting them explicitly. Run the
following command and follow the instructions in your editor to edit
your configuration file:

    git config --global --edit

After doing this, you may fix the identity used for this commit with:

    git commit --amend --reset-author

 1 file changed, 18 insertions(+)
To https://github.com/thamonbnb45/ERP-bookandbox.com.git
   2cca748..51e9436  main -> main
✅ [2026-05-04 10:30] Pushed changes
⏭️  [11:00] No changes to push
